<?xml version="1.0" encoding="UTF-8"?>
<!-- Generated by org.testng.reporters.JUnitReportReporter -->
<testsuite hostname="SAG" failures="0" tests="5" name="com.qa.opencart.tests.AccountsPageTest" time="0.413" errors="0" timestamp="2024-10-10T13:53:43 CDT" skipped="0">
  <testcase classname="com.qa.opencart.tests.AccountsPageTest" name="accPageHeadersValueTest" time="0.128"/>
  <testcase classname="com.qa.opencart.tests.AccountsPageTest" name="aacPageLogoutLinkTest" time="0.085"/>
  <testcase classname="com.qa.opencart.tests.AccountsPageTest" name="accPageTitleTest" time="0.023"/>
  <testcase classname="com.qa.opencart.tests.AccountsPageTest" name="accPageHeadersTest" time="0.152"/>
  <testcase classname="com.qa.opencart.tests.AccountsPageTest" name="accPageURLTest" time="0.025"/>
</testsuite> <!-- com.qa.opencart.tests.AccountsPageTest -->
